Development Charges Act, 1997, S.O. 1997, c. 27
Ministry of Training, Colleges and Universities Act, R.S.O. 1990, c. M.19
Police Services Act, R.S.O. 1990, c. P.15
Planning Act, R.S.O. 1990, c. P.13
Education Act, R.S.O. 1990, c. E.2
Interim Appropriation for 2020-2021 Act, 2019, S.O. 2019, c. 15, Sched. 20
Excellent Care for All Act, 2010, S.O. 2010, c. 14
Local Health System Integration Act, 2006, S.O. 2006, c. 4
Commitment to the Future of Medicare Act, 2004, S.O. 2004, c. 5
Crown Foundations Act, 1996, S.O. 1996, c. 22
Substitute Decisions Act, 1992, S.O. 1992, c. 30
Co-operative Corporations Act, R.S.O. 1990, c. C.35
Ambulance Act, R.S.O. 1990, c. A.19
Pay Equity Act, R.S.O. 1990, c. P.7
Supply Chain Management Act (Government, Broader Public Sector and Health Sector Entities), 2019, S.O. 2019, c. 15, Sched. 37
Hearings in Tribunal Proceedings (Temporary Measures) Act, 2020, S.O. 2020, c. 5, Sched. 3
Ontario Loan Act, 2020, S.O. 2020, c. 5, Sched. 5
Taxation Act, 2007, S.O. 2007, c. 11, Sched. A
Personal Health Information Protection Act, 2004, S.O. 2004, c. 3, Sched. A
Freedom of Information and Protection of Privacy Act, R.S.O. 1990, c. F.31
Ontario Guaranteed Annual Income Act, R.S.O. 1990, c. O.17
Employer Health Tax Act, R.S.O. 1990, c. E.11
Supply Act, 2020, S.O. 2020, c. 2
City of Toronto Act, 2006, S.O. 2006, c. 11, Sched. A
Municipal Act, 2001, S.O. 2001, c. 25
Employment Standards Act, 2000, S.O. 2000, c. 41
Ontario Labour Mobility Act, 2009, S.O. 2009, c. 24
Residential Tenancies Act, 2006, S.O. 2006, c. 17
Real Estate and Business Brokers Act, 2002, S.O. 2002, c. 30, Sched. C
Licence Appeal Tribunal Act, 1999, S.O. 1999, c. 12, Sched. G
Safety and Consumer Statutes Administration Act, 1996, S.O. 1996, c. 19
Toronto Islands Residential Community Stewardship Act, 1993, S.O. 1993, c. 15
Collection and Debt Settlement Services Act, R.S.O. 1990, c. C.14
Mental Health and Addictions Centre of Excellence Act, 2019, S.O. 2019, c. 17, Sched. 1
Connecting Care Act, 2019, S.O. 2019, c. 5, Sched. 1
Ministry of Health and Long-Term Care Act, R.S.O. 1990, c. M.26
Provincial Animal Welfare Services Act, 2019, S.O. 2019, c. 13
Medical Radiation and Imaging Technology Act, 2017, S.O. 2017, c. 25, Sched. 6
Child, Youth and Family Services Act, 2017, S.O. 2017, c. 14, Sched. 1
Animal Health Act, 2009, S.O. 2009, c. 31
Early Childhood Educators Act, 2007, S.O. 2007, c. 7, Sched. 8
Ontario College of Teachers Act, 1996, S.O. 1996, c. 12
Regulated Health Professions Act, 1991, S.O. 1991, c. 18
Courts of Justice Act, R.S.O. 1990, c. C.43
Animals for Research Act, R.S.O. 1990, c. A.22
Dog Owners' Liability Act, R.S.O. 1990, c. D.16
Farm Products Payments Act, R.S.O. 1990, c. F.10
Ontario Drug Benefit Act, R.S.O. 1990, c. O.10
Pension Benefits Act, R.S.O. 1990, c. P.8
Highway Traffic Act, R.S.O. 1990, c. H.8
Ombudsman Act, R.S.O. 1990, c. O.6
Gasoline Tax Act, R.S.O. 1990, c. G.5
Family Law Act, R.S.O. 1990, c. F.3
Healing Arts Radiation Protection Act, R.S.O. 1990, c. H.2
Public Inquiries Act, 2009, S.O. 2009, c. 33, Sched. 6
Ontario College of Trades and Apprenticeship Act, 2009, S.O. 2009, c. 22
Toxics Reduction Act, 2009, S.O. 2009, c. 19
Safe Drinking Water Act, 2002, S.O. 2002, c. 32
Nutrient Management Act, 2002, S.O. 2002, c. 4
Electricity Act, 1998, S.O. 1998, c. 15, Sched. A
Ontario Water Resources Act, R.S.O. 1990, c. O.40
Corporations Tax Act, R.S.O. 1990, c. C.40
Provincial Offences Act, R.S.O. 1990, c. P.33
Retail Sales Tax Act, R.S.O. 1990, c. R.31
Environmental Protection Act, R.S.O. 1990, c. E.19
Mining Act, R.S.O. 1990, c. M.14
Pesticides Act, R.S.O. 1990, c. P.11
Health Insurance Act, R.S.O. 1990, c. H.6
Justices of the Peace Act, R.S.O. 1990, c. J.4
Income Tax Act, R.S.O. 1990, c. I.2
Bailiffs Act, R.S.O. 1990, c. B.2
Opioid Damages and Health Care Costs Recovery Act, 2019, S.O. 2019, c. 17, Sched. 2
Poet Laureate of Ontario Act (In Memory of Gord Downie), 2019, S.O. 2019, c. 16
Limitations Act, 2002, S.O. 2002, c. 24, Sched. B
Liquor Control Board of Ontario Act, 2019, S.O. 2019, c. 15, Sched. 21
Provincial Day of Action on Litter Act, 2019, S.O. 2019, c. 15, Sched. 32
Alcohol and Gaming Commission of Ontario Act, 2019, S.O. 2019, c. 15, Sched. 1
Liquor Licence and Control Act, 2019, S.O. 2019, c. 15, Sched. 22
Egyptian Heritage Month Act, 2019, S.O. 2019, c. 15, Sched. 11
Hellenic Heritage Month Act, 2019, S.O. 2019, c. 15, Sched. 16
Foreign Cultural Objects Immunity from Seizure Act, 2019, S.O. 2019, c. 14, Sched. 1
Local Planning Appeal Support Centre Repeal Act, 2019, S.O. 2019, c. 14, Sched. 2
Financial Professionals Title Protection Act, 2019, S.O. 2019, c. 7, Sched. 25
Cannabis Licence Act, 2018, S.O. 2018, c. 12, Sched. 2
Ticket Sales Act, 2017, S.O. 2017, c. 33, Sched. 3
New Home Construction Licensing Act, 2017, S.O. 2017, c. 33, Sched. 1
Protection for Owners and Purchasers of New Homes Act, 2017, S.O. 2017, c. 33, Sched. 2
Cannabis Control Act, 2017, S.O. 2017, c. 26, Sched. 1
Ontario Cannabis Retail Corporation Act, 2017, S.O. 2017, c. 26, Sched. 2
Home Inspection Act, 2017, S.O. 2017, c. 5, Sched. 1
Waste Diversion Transition Act, 2016, S.O. 2016, c. 12, Sched. 2
Resource Recovery and Circular Economy Act, 2016, S.O. 2016, c. 12, Sched. 1
Horse Racing Licence Act, 2015, S.O. 2015, c. 38, Sched. 9
Condominium Management Services Act, 2015, S.O. 2015, c. 28, Sched. 2
Highway 407 East Act, 2012, S.O. 2012, c. 8, Sched. 22
Algoma University Act, 2008, S.O. 2008, c. 13
Payday Loans Act, 2008, S.O. 2008, c. 9
Legislation Act, 2006, S.O. 2006, c. 21, Sched. F
Provincial Parks and Conservation Reserves Act, 2006, S.O. 2006, c. 12
Ontario Municipal Employees Retirement System Act, 2006, S.O. 2006, c. 2
Higher Education Quality Council of Ontario Act, 2005, S.O. 2005, c. 28, Sched. G
Funeral, Burial and Cremation Services Act, 2002, S.O. 2002, c. 33
Consumer Protection Act, 2002, S.O. 2002, c. 30, Sched. A
Travel Industry Act, 2002, S.O. 2002, c. 30, Sched. D
Motor Vehicle Dealers Act, 2002, S.O. 2002, c. 30, Sched. B
Ontario College of Art and Design University Act, 2002, S.O. 2002, c. 8, Sched. E
Food Safety and Quality Act, 2001, S.O. 2001, c. 20
Wine Content and Labelling Act, 2000, S.O. 2000, c. 26, Sched. P
Technical Standards and Safety Act, 2000, S.O. 2000, c. 16
Town of Norfolk Act, 1999, S.O. 1999, c. 14, Sched. D
Town of Haldimand Act, 1999, S.O. 1999, c. 14, Sched. B
City of Hamilton Act, 1999, S.O. 1999, c. 14, Sched. C
City of Greater Sudbury Act, 1999, S.O. 1999, c. 14, Sched. A
Ontario Lottery and Gaming Corporation Act, 1999, S.O. 1999, c. 12, Sched. L
Vintners Quality Alliance Act, 1999, S.O. 1999, c. 3
Highway 407 Act, 1998, S.O. 1998, c. 28
Condominium Act, 1998, S.O. 1998, c. 19
Ministry of Health and Long-Term Care Appeal and Review Boards Act, 1998, S.O. 1998, c. 18, Sched. H
Fish and Wildlife Conservation Act, 1997, S.O. 1997, c. 41
Municipal Elections Act, 1996, S.O. 1996, c. 32, Sched.
Alcohol, Cannabis and Gaming Regulation and Public Protection Act, 1996, S.O. 1996, c. 26, Sched.
Agricultural Products Insurance Act, 1996, S.O. 1996, c. 17, Sched. C
Shortline Railways Act, 1995, S.O. 1995, c. 2
Crown Forest Sustainability Act, 1994, S.O. 1994, c. 25
Farm Registration and Farm Organizations Funding Act, 1993, S.O. 1993, c. 21
Gaming Control Act, 1992, S.O. 1992, c. 24
Building Code Act, 1992, S.O. 1992, c. 23
Public Transportation and Highway Improvement Act, R.S.O. 1990, c. P.50
Public Officers Act, R.S.O. 1990, c. P.45
Motorized Snow Vehicles Act, R.S.O. 1990, c. M.44
Public Libraries Act, R.S.O. 1990, c. P.44
Public Lands Act, R.S.O. 1990, c. P.43
Ministry of Revenue Act, R.S.O. 1990, c. M.33
Consumer Reporting Act, R.S.O. 1990, c. C.33
Retail Business Holidays Act, R.S.O. 1990, c. R.30
Northern Services Boards Act, R.S.O. 1990, c. L.28
Foreign Cultural Objects Immunity from Seizure Act, R.S.O. 1990, c. F.23
Livestock Medicines Act, R.S.O. 1990, c. L.23
Livestock Community Sales Act, R.S.O. 1990, c. L.22
Commodity Futures Act, R.S.O. 1990, c. C.20
Livestock and Livestock Products Act, R.S.O. 1990, c. L.20
Statute Labour Act, R.S.O. 1990, c. S.20
Liquor Licence Act, R.S.O. 1990, c. L.19
Human Rights Code, R.S.O. 1990, c. H.19
Fish Inspection Act, R.S.O. 1990, c. F.18
Liquor Control Act, R.S.O. 1990, c. L.18
Business Corporations Act, R.S.O. 1990, c. B.16
Oil, Gas and Salt Resources Act, R.S.O. 1990, c. P.12
Milk Act, R.S.O. 1990, c. M.12
Metropolitan Toronto Convention Centre Corporation Act, R.S.O. 1990, c. M.11
Legislative Assembly Act, R.S.O. 1990, c. L.10
Tobacco Tax Act, R.S.O. 1990, c. T.10
Agricultural and Horticultural Organizations Act, R.S.O. 1990, c. A.9
Aggregate Resources Act, R.S.O. 1990, c. A.8
Insurance Act, R.S.O. 1990, c. I.8
Election Act, R.S.O. 1990, c. E.6
Bees Act, R.S.O. 1990, c. B.6
Securities Act, R.S.O. 1990, c. S.5
Weed Control Act, R.S.O. 1990, c. W.5
Beef Cattle Marketing Act, R.S.O. 1990, c. B.5
Drug and Pharmacies Regulation Act, R.S.O. 1990, c. H.4
Off-Road Vehicles Act, R.S.O. 1990, c. O.4
Lakes and Rivers Improvement Act, R.S.O. 1990, c. L.3
Veterinarians Act, R.S.O. 1990, c. V.3
Independent Health Facilities Act, R.S.O. 1990, c. I.3
Occupational Health and Safety Act, R.S.O. 1990, c. O.1
Dangerous Goods Transportation Act, R.S.O. 1990, c. D.1
Protecting a Sustainable Public Sector for Future Generations Act, 2019, S.O. 2019, c. 12
Labour Relations Act, 1995, S.O. 1995, c. 1, Sched. A
Ontario Fair Hydro Plan Act, 2017, S.O. 2017, c. 16, Sched. 1
Ontario Rebate for Electricity Consumers Act, 2016, S.O. 2016, c. 19
Ontario Energy Board Act, 1998, S.O. 1998, c. 15, Sched. B
Construction Act, R.S.O. 1990, c. C.30
Compensation for Victims of Crime Act, R.S.O. 1990, c. C.24
Rowan's Law (Concussion Safety), 2018, S.O. 2018, c. 1
Local Planning Appeal Tribunal Act, 2017, S.O. 2017, c. 23, Sched. 1
Federal Carbon Tax Transparency Act, 2019, S.O. 2019, c. 7, Sched. 23
Simpler, Faster, Better Services Act, 2019, S.O. 2019, c. 7, Sched. 56
Modernizing the Skilled Trades and Apprenticeship Act, 2019, S.O. 2019, c. 7, Sched. 40
Tribunal Adjudicative Records Act, 2019, S.O. 2019, c. 7, Sched. 60
Crown Liability and Proceedings Act, 2019, S.O. 2019, c. 7, Sched. 17
Missing Persons Act, 2018, S.O. 2018, c. 3, Sched. 7
Financial Services Tribunal Act, 2017, S.O. 2017, c. 34, Sched. 17
English and Wabigoon Rivers Remediation Funding Act, 2017, S.O. 2017, c. 34, Sched. 14
Forfeited Corporate Property Act, 2015, S.O. 2015, c. 38, Sched. 7
Escheats Act, 2015, S.O. 2015, c. 38, Sched. 4
Invasive Species Act, 2015, S.O. 2015, c. 22
Child Care and Early Years Act, 2014, S.O. 2014, c. 11, Sched. 1
Ministry of Energy Act, 2011, S.O. 2011, c. 9, Sched. 25
Ministry of Infrastructure Act, 2011, S.O. 2011, c. 9, Sched. 27
Narcotics Safety and Awareness Act, 2010, S.O. 2010, c. 22
Retirement Homes Act, 2010, S.O. 2010, c. 11
Electronic Land Registration Services Act, 2010, S.O. 2010, c. 1, Sched. 6
Public Sector Compensation Restraint to Protect Public Services Act, 2010, S.O. 2010, c. 1, Sched. 24
Lake Simcoe Protection Act, 2008, S.O. 2008, c. 23
Services and Supports to Promote the Social Inclusion of Persons with Developmental Disabilities Act, 2008, S.O. 2008, c. 14
Ontario Agency for Health Protection and Promotion Act, 2007, S.O. 2007, c. 10, Sched. K
Long-Term Care Homes Act, 2007, S.O. 2007, c. 8
Endangered Species Act, 2007, S.O. 2007, c. 6
Regulatory Modernization Act, 2007, S.O. 2007, c. 4
Public Service of Ontario Act, 2006, S.O. 2006, c. 35, Sched. A
Archives and Recordkeeping Act, 2006, S.O. 2006, c. 34, Sched. A
Clean Water Act, 2006, S.O. 2006, c. 22
Private Security and Investigative Services Act, 2005, S.O. 2005, c. 34
Interjurisdictional Support Orders Act, 2002, S.O. 2002, c. 13
Civil Remedies Act, 2001, S.O. 2001, c. 28
Improving Customer Service for Road Users Act, 2001, S.O. 2001, c. 18
Environmental Review Tribunal Act, 2000, S.O. 2000, c. 26, Sched. F
Christopher's Law (Sex Offender Registry), 2000, S.O. 2000, c. 1
City of Ottawa Act, 1999, S.O. 1999, c. 14, Sched. E
Legal Aid Services Act, 1998, S.O. 1998, c. 26
Financial Services Commission of Ontario Act, 1997, S.O. 1997, c. 28
Ontario Disability Support Program Act, 1997, S.O. 1997, c. 25, Sched. B
Ontario Works Act, 1997, S.O. 1997, c. 25, Sched. A
Workplace Safety and Insurance Act, 1997, S.O. 1997, c. 16, Sched. A
Fire Protection and Prevention Act, 1997, S.O. 1997, c. 4
Family Responsibility and Support Arrears Enforcement Act, 1996, S.O. 1996, c. 31
Education Quality and Accountability Office Act, 1996, S.O. 1996, c. 11
Business Regulation Reform Act, 1994, S.O. 1994, c. 32
Home Care and Community Services Act, 1994, S.O. 1994, c. 26
Environmental Bill of Rights, 1993, S.O. 1993, c. 28
Community Small Business Investment Funds Act, 1992, S.O. 1992, c. 18
Public Guardian and Trustee Act, R.S.O. 1990, c. P.51
Crown Attorneys Act, R.S.O. 1990, c. C.49
Public Hospitals Act, R.S.O. 1990, c. P.40
Ministry of Transportation Act, R.S.O. 1990, c. M.36
Ministry of Tourism and Recreation Act, R.S.O. 1990, c. M.35
Fuel Tax Act, R.S.O. 1990, c. F.35
Assessment Review Board Act, R.S.O. 1990, c. A.32
Ministry of Northern Development, Mines and Forestry Act, R.S.O. 1990, c. M.32
Ministry of Natural Resources Act, R.S.O. 1990, c. M.31
Ontario New Home Warranties Plan Act, R.S.O. 1990, c. O.31
Ministry of Municipal Affairs and Housing Act, R.S.O. 1990, c. M.30
Ministry of Labour Act, R.S.O. 1990, c. M.29
Ministry of Intergovernmental Affairs Act, R.S.O. 1990, c. M.28
Ministry of Economic Development and Trade Act, R.S.O. 1990, c. M.27
Expropriations Act, R.S.O. 1990, c. E.26
Ministry of Government Services Act, R.S.O. 1990, c. M.25
Ministry of Correctional Services Act, R.S.O. 1990, c. M.22
Ministry of Consumer and Business Services Act, R.S.O. 1990, c. M.21
Registry Act, R.S.O. 1990, c. R.20
Trillium Gift of Life Network Act, R.S.O. 1990, c. H.20
Ministry of Community and Social Services Act, R.S.O. 1990, c. M.20
Ontario Highway Transport Board Act, R.S.O. 1990, c. O.19
Ministry of Citizenship and Culture Act, R.S.O. 1990, c. M.18
Environmental Assessment Act, R.S.O. 1990, c. E.18
Ontario Heritage Act, R.S.O. 1990, c. O.18
Ministry of the Attorney General Act, R.S.O. 1990, c. M.17
Ministry of Agriculture, Food and Rural Affairs Act, R.S.O. 1990, c. M.16
Financial Administration Act, R.S.O. 1990, c. F.12
Development Corporations Act, R.S.O. 1990, c. D.10
Personal Property Security Act, R.S.O. 1990, c. P.10
Emergency Management and Civil Protection Act, R.S.O. 1990, c. E.9
Health Protection and Promotion Act, R.S.O. 1990, c. H.7
Land Titles Act, R.S.O. 1990, c. L.5
Occupiers' Liability Act, R.S.O. 1990, c. O.2
Financial Services Regulatory Authority of Ontario Act, 2016, S.O. 2016, c. 37, Sched. 8
Pooled Registered Pension Plans Act, 2015, S.O. 2015, c. 9
Mortgage Brokerages, Lenders and Administrators Act, 2006, S.O. 2006, c. 29
Automobile Insurance Rate Stabilization Act, 2003, S.O. 2003, c. 9
Province of Ontario Savings Office Privatization Act, 2002, S.O. 2002, c. 8, Sched. H
Ontario Public Service Employees' Union Pension Act, 1994, S.O. 1994, c. 17, s. 143, Sched.
Credit Unions and Caisses Populaires Act, 1994, S.O. 1994, c. 11
Public Service Pension Act, R.S.O. 1990, c. P.48
Corporations Act, R.S.O. 1990, c. C.38
Compulsory Automobile Insurance Act, R.S.O. 1990, c. C.25
Loan and Trust Corporations Act, R.S.O. 1990, c. L.25
Prepaid Hospital and Medical Services Act, R.S.O. 1990, c. P.21
Registered Insurance Brokers Act, R.S.O. 1990, c. R.19
Teachers' Pension Act, R.S.O. 1990, c. T.1
Smoke-Free Ontario Act, 2017, S.O. 2017, c. 26, Sched. 3
Broader Public Sector Accountability Act, 2010, S.O. 2010, c. 25
Tobacco Damages and Health Care Costs Recovery Act, 2009, S.O. 2009, c. 13
Photo Card Act, 2008, S.O. 2008, c. 17
Metrolinx Act, 2006, S.O. 2006, c. 16
Public Sector Labour Relations Transition Act, 1997, S.O. 1997, c. 21, Sched. B
Victims' Bill of Rights, 1995, S.O. 1995, c. 6
Conservation Authorities Act, R.S.O. 1990, c. C.27
Health Facilities Special Orders Act, R.S.O. 1990, c. H.5
PTSD Awareness Day Act, 2019, S.O. 2019, c. 7, Sched. 52
Combative Sports Act, 2019, S.O. 2019, c. 7, Sched. 9
Ontario Loan Act, 2019, S.O. 2019, c. 7, Sched. 46
Cannabis Taxation Coordination Act, 2019, S.O. 2019, c. 7, Sched. 7
Fiscal Sustainability, Transparency and Accountability Act, 2019, S.O. 2019, c. 7, Sched. 30
Community Safety and Policing Act, 2019, S.O. 2019, c. 1, Sched. 1
Special Investigations Unit Act, 2019, S.O. 2019, c. 1, Sched. 5
Ministry of Community Safety and Correctional Services Act, 2018, S.O. 2018, c. 6, Sched. 1
Correctional Services and Reintegration Act, 2018, S.O. 2018, c. 6, Sched. 2
Health Sector Payment Transparency Act, 2017, S.O. 2017, c. 25, Sched. 4
Infrastructure for Jobs and Prosperity Act, 2015, S.O. 2015, c. 15
Broader Public Sector Executive Compensation Act, 2014, S.O. 2014, c. 13, Sched. 1
Delegated Administrative Authorities Act, 2012, S.O. 2012, c. 8, Sched. 11
Ontario Infrastructure and Lands Corporation Act, 2011, S.O. 2011, c. 9, Sched. 32
Prohibiting Profiting from Recounting Crimes Act, 2002, S.O. 2002, c. 2
Electronic Commerce Act, 2000, S.O. 2000, c. 17
Estate Administration Tax Act, 1998, S.O. 1998, c. 34, Sched.
AgriCorp Act, 1996, S.O. 1996, c. 17, Sched. A
Municipal Freedom of Information and Protection of Privacy Act, R.S.O. 1990, c. M.56
Athletics Control Act, R.S.O. 1990, c. A.34
Drainage Act, R.S.O. 1990, c. D.17
Discriminatory Business Practices Act, R.S.O. 1990, c. D.12
Land Registration Reform Act, R.S.O. 1990, c. L.4
Vital Statistics Act, R.S.O. 1990, c. V.4
Juries Act, R.S.O. 1990, c. J.3
Niagara Escarpment Planning and Development Act, R.S.O. 1990, c. N.2
Energy Consumer Protection Act, 2010, S.O. 2010, c. 8
Adjudicative Tribunals Accountability, Governance and Appointments Act, 2009, S.O. 2009, c. 33, Sched. 5
French Language Services Act, R.S.O. 1990, c. F.32
Oversight of Health Facilities and Devices Act, 2017, S.O. 2017, c. 25, Sched. 9
Anti-Racism Act, 2017, S.O. 2017, c. 15
Private Hospitals Act, R.S.O. 1990, c. P.24
Private Career Colleges Act, 2005, S.O. 2005, c. 28, Sched. L
Agricultural Employees Protection Act, 2002, S.O. 2002, c. 16
Pawnbrokers Act, R.S.O. 1990, c. P.6
Teaching Profession Act, R.S.O. 1990, c. T.2
Motor Vehicle Accident Claims Act, R.S.O. 1990, c. M.41
Workers Day of Mourning Act, 2016, S.O. 2016, c. 14
Police Record Checks Reform Act, 2015, S.O. 2015, c. 30
Interprovincial Policing Act, 2009, S.O. 2009, c. 30
Ontario Provincial Police Collective Bargaining Act, 2006, S.O. 2006, c. 35, Sched. B
Mandatory Blood Testing Act, 2006, S.O. 2006, c. 26
Mandatory Gunshot Wounds Reporting Act, 2005, S.O. 2005, c. 9
Ambulance Services Collective Bargaining Act, 2001, S.O. 2001, c. 10
Lobbyists Registration Act, 1998, S.O. 1998, c. 27, Sched.
Public Sector Dispute Resolution Act, 1997, S.O. 1997, c. 21, Sched. A
Public Vehicles Act, R.S.O. 1990, c. P.54
Crown Witnesses Act, R.S.O. 1990, c. C.52
Municipal Conflict of Interest Act, R.S.O. 1990, c. M.50
Municipal Affairs Act, R.S.O. 1990, c. M.46
Coroners Act, R.S.O. 1990, c. C.37
Forest Fires Prevention Act, R.S.O. 1990, c. F.24
Children's Law Reform Act, R.S.O. 1990, c. C.12
Change of Name Act, R.S.O. 1990, c. C.7
Chartered Professional Accountants of Ontario Act, 2017, S.O. 2017, c. 8, Sched. 3
Water Opportunities Act, 2010, S.O. 2010, c. 19, Sched. 1
Assessment Act, R.S.O. 1990, c. A.31
Election Finances Act, R.S.O. 1990, c. E.7
Colleges Collective Bargaining Act, 2008, S.O. 2008, c. 15
Ontario Loan Act, 2018 (No. 2), S.O. 2018, c. 17, Sched. 29
Special Hockey Day Act, 2018, S.O. 2018, c. 17, Sched. 39
Ontario Place Corporation Repeal Act, 2018, S.O. 2018, c. 17, Sched. 31
White Pines Wind Project Termination Act, 2018, S.O. 2018, c. 10, Sched. 2
Pay Transparency Act, 2018, S.O. 2018, c. 5
Financial Accountability Officer Act, 2013, S.O. 2013, c. 4
Government Services and Service Providers Act (ServiceOntario), 2012, S.O. 2012, c. 8, Sched. 21
Ontarians with Disabilities Act, 2001, S.O. 2001, c. 32
Public Sector Salary Disclosure Act, 1996, S.O. 1996, c. 1, Sched. A
Members' Integrity Act, 1994, S.O. 1994, c. 38
Revised Statutes Confirmation and Corrections Act, 1993, S.O. 1993, c. 27
Social Contract Act, 1993, S.O. 1993, c. 5
Auditor General Act, R.S.O. 1990, c. A.35
Ontario Place Corporation Act, R.S.O. 1990, c. O.34
School Boards Collective Bargaining Act, 2014, S.O. 2014, c. 5
Crown Employees Collective Bargaining Act, 1993, S.O. 1993, c. 38
Cap and Trade Cancellation Act, 2018, S.O. 2018, c. 13
Hydro One Accountability Act, 2018, S.O. 2018, c. 10, Sched. 1
Back to Class Act (York University), 2018, S.O. 2018, c. 10, Sched. 3
Government Contract Wages Act, 2018, S.O. 2018, c. 9
Revenue Integrity Act, 2018, S.O. 2018, c. 8, Sched. 30
Ontario Loan Act, 2018, S.O. 2018, c. 8, Sched. 21
Fair Access to Regulated Professions and Compulsory Trades Act, 2006
Taxpayer Protection Act, 1999, S.O. 1999, c. 7, Sched. A
Health Care Consent Act, 1996, S.O. 1996, c. 2, Sched. A
Municipal Tax Assistance Act, R.S.O. 1990, c. M.59
Solicitors Act, R.S.O. 1990, c. S.15
Hospital Labour Disputes Arbitration Act, R.S.O. 1990, c. H.14
Law Society Act, R.S.O. 1990, c. L.8
Prevention of and Remedies for Human Trafficking Act, 2017, S.O. 2017, c. 12, Sched. 2
Fairness in Procurement Act, 2018, S.O. 2018, c. 4
Intercountry Adoption Act, 1998, S.O. 1998, c. 29
Perpetuities Act, R.S.O. 1990, c. P.9
Université de l'Ontario français Act, 2017, S.O. 2017, c. 34, Sched. 43
Housing Services Act, 2011, S.O. 2011, c. 6, Sched. 1
Ontario Planning and Development Act, 1994, S.O. 1994, c. 23, Sched. A
Municipal Arbitrations Act, R.S.O. 1990, c. M.48
Consolidated Hearings Act, R.S.O. 1990, c. C.29
Housing Development Act, R.S.O. 1990, c. H.18
Professional Engineers Act, R.S.O. 1990, c. P.28
Evidence Act, R.S.O. 1990, c. E.23
Local Food Act, 2013, S.O. 2013, c. 7
Forensic Laboratories Act, 2018, S.O. 2018, c. 3, Sched. 8
Safe Access to Abortion Services Act, 2017, S.O. 2017, c. 19, Sched. 1
Métis Nation of Ontario Secretariat Act, 2015, S.O. 2015, c. 39
Ontario French-language Educational Communications Authority Act, 2008, S.O. 2008, c. 10
Ontario Educational Communications Authority Act, R.S.O. 1990, c. O.12
Reducing Regulatory Costs for Business Act, 2017, S.O. 2017, c. 20, Sched. 4
Ontario Immigration Act, 2015, S.O. 2015, c. 8
Ontario Forest Tenure Modernization Act, 2011, S.O. 2011, c. 10
Employment Protection for Foreign Nationals Act, 2009, S.O. 2009, c. 32
Ontario Capital Growth Corporation Act, 2008, S.O. 2008, c. 19, Sched. O
Regional Municipality of Peel Act, 2005, S.O. 2005, c. 20
Heritage Hunting and Fishing Act, 2002, S.O. 2002, c. 10
Capital Investment Plan Act, 1993, S.O. 1993, c. 23
Municipal Extra-Territorial Tax Act, R.S.O. 1990, c. M.54
Ottawa Convention Centre Corporation Act, R.S.O. 1990, c. O.45
Ontario Northland Transportation Commission Act, R.S.O. 1990, c. O.32
St. Lawrence Parks Commission Act, R.S.O. 1990, c. S.24
Ontario Mortgage and Housing Corporation Act, R.S.O. 1990, c. O.21
Algonquin Forestry Authority Act, R.S.O. 1990, c. A.17
Ontario Food Terminal Act, R.S.O. 1990, c. O.15
Agricultural Research Institute of Ontario Act, R.S.O. 1990, c. A.13
Northern Ontario Heritage Fund Act, R.S.O. 1990, c. N.5
Niagara Parks Act, R.S.O. 1990, c. N.3
Representation Act, 2015, S.O. 2015, c. 31, Sched. 1
Psychotherapy Act, 2007, S.O. 2007, c. 10, Sched. R
Social Work and Social Service Work Act, 1998, S.O. 1998, c. 31
Psychology Act, 1991, S.O. 1991, c. 38
Occupational Therapy Act, 1991, S.O. 1991, c. 33
Nursing Act, 1991, S.O. 1991, c. 32
Medicine Act, 1991, S.O. 1991, c. 30
High Occupancy Toll (HOT) Lanes Act, 2017, S.O. 2017, c. 34, Sched. 19
Indigenous Institutes Act, 2017, S.O. 2017, c. 34, Sched. 20
Lawren Harris Day Act, 2017, S.O. 2017, c. 32
Korean Heritage Month Act, 2017, S.O. 2017, c. 31
Ontario Craft Beer Week Act, 2017, S.O. 2017, c. 30
Trans Day of Remembrance Act, 2017, S.O. 2017, c. 29
Lebanese Heritage Month Act, 2017, S.O. 2017, c. 27
Attracting Investment and Creating Jobs Act, 2012, S.O. 2012, c. 10
Municipal Property Assessment Corporation Act, 1997, S.O. 1997, c. 43, Sched. G
Mining Tax Act, R.S.O. 1990, c. M.15
Land Transfer Tax Act, R.S.O. 1990, c. L.6
Quality of Care Information Protection Act, 2016, S.O. 2016, c. 6, Sched. 2
Patient Restraints Minimization Act, 2001, S.O. 2001, c. 16
Colleges of Applied Arts and Technology Labour Dispute Resolution Act, 2017, S.O. 2017, c. 21
Ontario Trails Act, 2016, S.O. 2016, c. 8, Sched. 1
Not-for-Profit Corporations Act, 2010, S.O. 2010, c. 15
Toronto Waterfront Revitalization Corporation Act, 2002, S.O. 2002, c. 28
International Interests in Mobile Equipment Act (Aircraft Equipment), 2002, S.O. 2002, c. 18, Sched. B
University of Ontario Institute of Technology Act, 2002, S.O. 2002, c. 8, Sched. O
Ontario Colleges of Applied Arts and Technology Act, 2002, S.O. 2002, c. 8, Sched. F
Professional Foresters Act, 2000, S.O. 2000, c. 18
Professional Geoscientists Act, 2000, S.O. 2000, c. 13
Arthur Wishart Act (Franchise Disclosure), 2000, S.O. 2000, c. 3
Farming and Food Production Protection Act, 1998, S.O. 1998, c. 1
University Foundations Act, 1992, S.O. 1992, c. 22
Mortgages Act, R.S.O. 1990, c. M.40
Corporations Information Act, R.S.O. 1990, c. C.39
Royal Ontario Museum Act, R.S.O. 1990, c. R.35
Arts Council Act, R.S.O. 1990, c. A.30
Surveyors Act, R.S.O. 1990, c. S.29
Forestry Workers Lien for Wages Act, R.S.O. 1990, c. F.28
Conservation Land Act, R.S.O. 1990, c. C.28
Art Gallery of Ontario Act, R.S.O. 1990, c. A.28
Extra-Provincial Corporations Act, R.S.O. 1990, c. E.27
Repair and Storage Liens Act, R.S.O. 1990, c. R.25
Estates Administration Act, R.S.O. 1990, c. E.22
Business Names Act, R.S.O. 1990, c. B.17
Limited Partnerships Act, R.S.O. 1990, c. L.16
Interprovincial Summonses Act, R.S.O. 1990, c. I.12
Charities Accounting Act, R.S.O. 1990, c. C.10
Farm Products Marketing Act, R.S.O. 1990, c. F.9
George R. Gardiner Museum of Ceramic Art Act, R.S.O. 1990, c. G.7
Notaries Act, R.S.O. 1990, c. N.6
Centennial Centre of Science and Technology Act, R.S.O. 1990, c. C.5
Science North Act, R.S.O. 1990, c. S.4
McMichael Canadian Art Collection Act, R.S.O. 1990, c. M.4
Absconding Debtors Act, R.S.O. 1990, c. A.2
Bail Act, R.S.O. 1990, c. B.1
Poverty Reduction Act, 2009, S.O. 2009, c. 10
Seniors Active Living Centres Act, 2017, S.O. 2017, c. 11, Sched. 6
Immunization of School Pupils Act, R.S.O. 1990, c. I.1
Human Trafficking Awareness Day Act, 2017, S.O. 2017, c. 12, Sched. 1
Laboratory and Specimen Collection Centre Licensing Act, R.S.O. 1990, c. L.1
Ontario Loan Act, 2017, S.O. 2017, c. 8, Sched. 26
Investment Management Corporation of Ontario Act, 2015, S.O. 2015, c. 20, Sched. 19
Public Accounting Act, 2004, S.O. 2004, c. 8
Succession Law Reform Act, R.S.O. 1990, c. S.26
International Commercial Arbitration Act, 2017, S.O. 2017, c. 2, Sched. 5
International Electronic Communications Convention Act, 2017, S.O. 2017, c. 2, Sched. 6
International Choice of Court Agreements Convention Act, 2017, S.O. 2017, c. 2, Sched. 4
International Recognition of Trusts Act, 2017, S.O. 2017, c. 2, Sched. 7
Protecting Child Performers Act, 2015, S.O. 2015, c. 2
Registered Human Resources Professionals Act, 2013
Arbitration Act, 1991, S.O. 1991, c. 17
International Sales Conventions Act, R.S.O. 1990, c. I.10
Farm Implements Act, R.S.O. 1990, c. F.4
Healthy Menu Choices Act, 2015, S.O. 2015, c. 7, Sched. 1
Ontario Clean Energy Benefit Act, 2010, S.O. 2010, c. 26, Sched. 13
Government Advertising Act, 2004, S.O. 2004, c. 20
Parental Responsibility Act, 2000, S.O. 2000, c. 4
MPPs Pension Act, 1996, S.O. 1996, c. 6, Sched. A
Homemakers and Nurses Services Act, R.S.O. 1990, c. H.10
Wilderness Areas Act, R.S.O. 1990, c. W.8
Crown Administration of Estates Act, R.S.O. 1990, c. C.47
Commercial Tenancies Act, R.S.O. 1990, c. L.7
Ontario Retirement Pension Plan Legislation Repeal Act, 2016, S.O. 2016, c. 37, Sched. 18
Nurse Practitioner Week Act, 2016, S.O. 2016, c. 36
Hindu Heritage Month Act, 2016, S.O. 2016, c. 35
Bangladeshi Heritage Month Act, 2016, S.O. 2016, c. 32
PANDAS/PANS Awareness Day Act, 2016, S.O. 2016, c. 31
Albanian Heritage Month Act, 2016, S.O. 2016, c. 29
Hazel McCallion Day Act, 2016, S.O. 2016, c. 27
Public Sector Expenses Review Act, 2009, S.O. 2009, c. 20
Provincial Land Tax Act, 2006, S.O. 2006, c. 33, Sched. Z.2
Anatomy Act, R.S.O. 1990, c. A.21
Remembrance Week Act, 2016, S.O. 2016, c. 21
Islamic Heritage Month Act, 2016, S.O. 2016, c. 20
Safeguarding our Communities Act (Patch for Patch Return Policy), 2015, S.O. 2015, c. 33
Trespass to Property Act, R.S.O. 1990, c. T.21
Marriage Act, R.S.O. 1990, c. M.3
Treaties Recognition Week Act, 2016, S.O. 2016, c. 18
Ontario Down Syndrome Day Act, 2016, S.O. 2016, c. 16
Correctional Services Staff Recognition Week Act, 2016, S.O. 2016, c. 9
Drug Interchangeability and Dispensing Fee Act, R.S.O. 1990, c. P.23
Benefits Administration Integration Act, 2016, S.O. 2016, c. 5, Sched. 3
Ontario Loan Act, 2016, S.O. 2016, c. 5, Sched. 20
Accessibility for Ontarians with Disabilities Act, 2005, S.O. 2005, c. 11
Black History Month Act, 2016, S.O. 2016, c. 1
Cabinet Ministers' and Opposition Leaders' Expenses Review and Accountability Act, 2002, S.O. 2002, c. 34, Sched. A
Mental Health Act, R.S.O. 1990, c. M.7
Pregnancy and Infant Loss Awareness, Research and Care Act, 2015, S.O. 2015, c. 37
Line Fences Act, R.S.O. 1990, c. L.17
Execution Act, R.S.O. 1990, c. E.24
Great Lakes Protection Act, 2015, S.O. 2015, c. 24
Statutory Powers Procedure Act, R.S.O. 1990, c. S.22
Libel and Slander Act, R.S.O. 1990, c. L.12
Optometry Act, 1991, S.O. 1991, c. 35
Dentistry Act, 1991, S.O. 1991, c. 24
Chiropractic Act, 1991, S.O. 1991, c. 21
Chiropody Act, 1991, S.O. 1991, c. 20
Ontario Loan Act, 2015, S.O. 2015, c. 20, Sched. 32
Naturopathy Act, 2007, S.O. 2007, c. 10, Sched. P
Security for Electricity Generating Facilities and Nuclear Facilities Act, 2014, S.O. 2014, c. 15, Sched. 3
Ontario Flag Day Act, 2015, S.O. 2015, c. 21
Intergenerational Day Canada Act, 2015, S.O. 2015, c. 19
Terry Fox Day Act, 2015, S.O. 2015, c. 17
Ontario Bike Month Act, 2015, S.O. 2015, c. 16
Tile Drainage Act, R.S.O. 1990, c. T.8
Management Board of Cabinet Act, R.S.O. 1990, c. M.1
Provincial Framework and Action Plan concerning Emerging Vector-Borne Diseases Act, 2015, S.O. 2015, c. 13
Christmas Tree Day Act, 2015, S.O. 2015, c. 12
Protecting the School Year Act, 2015, S.O. 2015, c. 11
Hispanic Heritage Month Act, 2015, S.O. 2015, c. 4
Ryan's Law (Ensuring Asthma Friendly Schools), 2015, S.O. 2015, c. 3
Homeopathy Act, 2007, S.O. 2007, c. 10, Sched. Q
Traditional Chinese Medicine Act, 2006, S.O. 2006, c. 27
Post-secondary Education Choice and Excellence Act, 2000, S.O. 2000, c. 36, Sched.
Voluntary Blood Donations Act, 2014, S.O. 2014, c. 14, Sched. 1
Burden Reduction Reporting Act, 2014, S.O. 2014, c. 12, Sched. 1
Ontario Loan Act, 2014, S.O. 2014, c. 7, Sched. 24
Skin Cancer Prevention Act (Tanning Beds), 2013, S.O. 2013, c. 5
Fairness for Parents and Employees Act (Teachers' Withdrawal of Services), 1997, S.O. 1997, c. 32
Provincial Schools Authority Act, R.S.O. 1990, c. P.35
Tamil Heritage Month Act, 2014, S.O. 2014, c. 4
Pope John Paul II Day Act, 2014, S.O. 2014, c. 3
Children and Youth in Care Day Act, 2014, S.O. 2014, c. 2
Kawartha Highlands Signature Site Park Act, 2003, S.O. 2003, c. 6
Lincoln Alexander Day Act, 2013, S.O. 2013, c. 18
Hawkins Gignac Act (Carbon Monoxide Safety), 2013, S.O. 2013, c. 14
Sikh Heritage Month Act, 2013, S.O. 2013, c. 12
First Responders Day Act, 2013, S.O. 2013, c. 11
Executive Council Act, R.S.O. 1990, c. E.25
Ontario Loan Act, 2013, S.O. 2013, c. 2, Sched. 10
Dedicated Funding for Public Transportation Act, 2013, S.O. 2013, c. 2, Sched. 3
Kinesiology Act, 2007, S.O. 2007, c. 10, Sched. O
Province of Ontario Savings Office Act, R.S.O. 1990, c. P.30
Commissioners for taking Affidavits Act, R.S.O. 1990, c. C.17
Ontario Municipal Employees Retirement System Review Act, 2006, S.O. 2006, c. 9, Sched. K
Nipissing First Nation Agreement Act (Tax Matters), 2012, S.O. 2012, c. 8, Sched. 37
Ontario Loan Act, 2012, S.O. 2012, c. 8, Sched. 41
Places to Grow Act, 2005, S.O. 2005, c. 13
Boundaries Act, R.S.O. 1990, c. B.10
Ontario Underground Infrastructure Notification System Act, 2012, S.O. 2012, c. 4
Northern Ontario Grow Bonds Corporation Repeal Act, 2011, S.O. 2011, c. 9, Sched. 30
Major-General Sir Isaac Brock Day Act, 2012, S.O. 2012, c. 2
Jewish Heritage Month Act, 2012, S.O. 2012, c. 1
Settlement of International Investment Disputes Act, 1999, S.O. 1999, c. 12, Sched. D
Power Corporation Act, R.S.O. 1990, c. P.18
Physiotherapy Act, 1991, S.O. 1991, c. 37
Midwifery Act, 1991, S.O. 1991, c. 31
Protection of Livestock and Poultry from Dogs Act, R.S.O. 1990, c. L.24
Surveys Act, R.S.O. 1990, c. S.30
Historical Parks Act, R.S.O. 1990, c. H.9
British Home Child Day Act, 2011, S.O. 2011, c. 14
Architects Act, R.S.O. 1990, c. A.26
Hospitals and Charitable Institutions Inquiries Act, R.S.O. 1990, c. H.15
Ontario Loan Act, 2011, S.O. 2011, c. 9, Sched. 33
Race Tracks Tax Act, R.S.O. 1990, c. R.1
Dutch Heritage Month Act, 2011, S.O. 2011, c. 4
Ukrainian Heritage Day Act, 2011, S.O. 2011, c. 3
Toronto Transit Commission Labour Disputes Resolution Act, 2011, S.O. 2011, c. 2
Far North Act, 2010, S.O. 2010, c. 18
Pharmacy Act, 1991, S.O. 1991, c. 36
Katelyn Bedard Bone Marrow Awareness Month Act, 2010, S.O. 2010, c. 20
Administration of Justice Act, R.S.O. 1990, c. A.6
Italian Heritage Month Act, 2010, S.O. 2010, c. 17
Creditors' Relief Act, 2010, S.O. 2010, c. 16 , Sched. 4
Commercial Mediation Act, 2010, S.O. 2010, c. 16, Sched. 3
Assignments and Preferences Act, R.S.O. 1990, c. A.33
Wages Act, R.S.O. 1990, c. W.1
Indian Welfare Services Act, R.S.O. 1990, c. I.4
Franco-Ontarian Day Act, 2010, S.O. 2010, c. 4
Vimy Ridge Day Act, 2010, S.O. 2010, c. 3
Indian Lands Agreement (1986) Confirmation Act, 2010, S.O. 2010, c. 1, Sched. 10
Ontario Loan Act, 2010, S.O. 2010, c. 1, Sched. 22
Ontario Loan Act, 2009 (No. 2), S.O. 2009, c. 34, Sched. O
Barrie-Innisfil Boundary Adjustment Act, 2009, S.O. 2009, c. 29
Status of Ontario's Artists Act, 2007, S.O. 2007, c. 7, Sched. 39
Film Classification Act, 2005, S.O. 2005, c. 17
Adams Mine Lake Act, 2004, S.O. 2004, c. 6
University Health Network Act, 1997, S.O. 1997, c. 45
Ammunition Regulation Act, 1994, S.O. 1994, c. 20
Ontario Medical Association Dues Act, 1991, S.O. 1991, c. 51
Respiratory Therapy Act, 1991, S.O. 1991, c. 39
Massage Therapy Act, 1991, S.O. 1991, c. 27
Dietetics Act, 1991, S.O. 1991, c. 26
Dental Technology Act, 1991, S.O. 1991, c. 23
Dental Hygiene Act, 1991, S.O. 1991, c. 22
Conveyancing and Law of Property Act, R.S.O. 1990, c. C.34
Road Access Act, R.S.O. 1990, c. R.34
Forestry Act, R.S.O. 1990, c. F.26
Religious Organizations' Lands Act, R.S.O. 1990, c. R.23
Trustee Act, R.S.O. 1990, c. T.23
Fluoridation Act, R.S.O. 1990, c. F.22
Livestock Identification Act, R.S.O. 1990, c. L.21
Real Property Limitations Act, R.S.O. 1990, c. L.15
Agricultural Tile Drainage Installation Act, R.S.O. 1990, c. A.14
Plant Diseases Act, R.S.O. 1990, c. P.14
Grains Act, R.S.O. 1990, c. G.10
Time Act, R.S.O. 1990, c. T.9
Settled Estates Act, R.S.O. 1990, c. S.7
Farm Products Containers Act, R.S.O. 1990, c. F.7
Accumulations Act, R.S.O. 1990, c. A.5
Partnerships Act, R.S.O. 1990, c. P.5
Partition Act, R.S.O. 1990, c. P.4
Ontario Child Benefit Equivalent Act, 2009, S.O. 2009, c. 18 , Sched. 19
Canadian Public Accountability Board Act (Ontario), 2006, S.O. 2006, c. 33, Sched. D
Ontario Loan Act, 2009, S.O. 2009, c. 18 , Sched. 21
Local Roads Boards Act, R.S.O. 1990, c. L.27
Greenbelt Act, 2005, S.O. 2005, c. 1
Holodomor Memorial Day Act, 2009, S.O. 2009, c. 7
Apology Act, 2009, S.O. 2009, c. 3
District Social Services Administration Boards Act, R.S.O. 1990, c. D.15
Emancipation Day Act, 2008, S.O. 2008, c. 25
Ontario Loan Act, 2008, S.O. 2008, c. 7, Sched. P
Municipal Water and Sewage Transfer Act, 1997, S.O. 1997, c. 6, Sched. A
Ministry of the Solicitor General Act, R.S.O. 1990, c. M.34
Ministry of the Environment Act, R.S.O. 1990, c. M.24
Oak Ridges Moraine Conservation Act, 2001, S.O. 2001, c. 31
Statistics Act, R.S.O. 1990, c. S.18
Commodity Board Members Act, R.S.O. 1990, c. C.18
Age of Majority and Accountability Act, R.S.O. 1990, c. A.7
Chase McEachern Act (Heart Defibrillator Civil Liability), 2007, S.O. 2007, c. 10, Sched. N
Opticianry Act, 1991, S.O. 1991, c. 34
Medical Laboratory Technology Act, 1991, S.O. 1991, c. 28
Denturism Act, 1991, S.O. 1991, c. 25
Audiology and Speech-Language Pathology Act, 1991, S.O. 1991, c. 19
Ontario Loan Act, 2007, S.O. 2007, c. 7, Sched. 29
Public Authorities Protection Act, R.S.O. 1990, c. P.38
Barristers Act, R.S.O. 1990, c. B.3
Securities Transfer Act, 2006, S.O. 2006, c. 8
Tax Incentive Zones Act (Pilot Projects), 2002, S.O. 2002, c. 22, Sched. B
Toronto District Heating Corporation Act, 1998, S.O. 1998, c. 15, Sched. C
Public Utilities Act, R.S.O. 1990, c. P.52
Pounds Act, R.S.O. 1990, c. P.17
Shoreline Property Assistance Act, R.S.O. 1990, c. S.10
Tax Increment Financing Act, 2006, S.O. 2006, c. 33 , Sched. Z.7
Tartan Act, 2000, S.O. 2000, c. 8
Class Proceedings Act, 1992, S.O. 1992, c. 6
Public Service Works on Highways Act, R.S.O. 1990, c. P.49
Costs of Distress Act, R.S.O. 1990, c. C.41
Estates Act, R.S.O. 1990, c. E.21
Business Records Protection Act, R.S.O. 1990, c. B.19
Alcoholism and Drug Addiction Research Foundation Act, R.S.O. 1990, c. A.16
Fines and Forfeitures Act, R.S.O. 1990, c. F.13
Disorderly Houses Act, R.S.O. 1990, c. D.13
Bridges Act, R.S.O. 1990, c. B.12
Homes for Special Care Act, R.S.O. 1990, c. H.12
Reciprocal Enforcement of Judgments Act, R.S.O. 1990, c. R.5
Warehouse Receipts Act, R.S.O. 1990, c. W.3
Gas and Oil Leases Act, R.S.O. 1990, c. G.3
Absentees Act, R.S.O. 1990, c. A.3
Unconscionable Transactions Relief Act, R.S.O. 1990, c. U.2
Vendors and Purchasers Act, R.S.O. 1990, c. V.2
Judicial Review Procedure Act, R.S.O. 1990, c. J.1
Variation of Trusts Act, R.S.O. 1990, c. V.1
Habeas Corpus Act, R.S.O. 1990, c. H.1
Ontario Loan Act, 2006, S.O. 2006, c. 9, Sched. J
Sabrina's Law, 2005, S.O. 2005, c. 7
Duffins Rouge Agricultural Preserve Act, 2005, S.O. 2005, c. 30
Safe Streets Act, 1999, S.O. 1999, c. 8
Ontario Loan Act, 2005, S.O. 2005, c. 28, Sched. K
Ontario Wine Week Act, 2005, S.O. 2005, c. 22
Asian Heritage Act, 2005, S.O. 2005, c. 10
Declarations of Death Act, 2002, S.O. 2002, c. 14, Sched.
Trust Beneficiaries' Liability Act, 2004, S.O. 2004, c. 29, Sched. A
Irish Heritage Day Act, 2004, S.O. 2004, c. 10
Ontario Loan Act, 2004, S.O. 2004, c. 7, Sched. A
Negligence Act, R.S.O. 1990, c. N.1
Ontario Loan Act, 2003, S.O. 2003, c. 7, Sched. A
Municipal Franchises Act, R.S.O. 1990, c. M.55
Territorial Division Act, 2002, S.O. 2002, c. 17, Sched. E
City of Kawartha Lakes Act, 2000, S.O. 2000, c. 43
Municipal Corporations Quieting Orders Act, R.S.O. 1990, c. M.51
Ottawa-Carleton French-Language School Board Transferred Employees Act, R.S.O. 1990, c. O.44
Community Recreation Centres Act, R.S.O. 1990, c. C.22
Airports Act, R.S.O. 1990, c. A.15
University Expropriation Powers Act, R.S.O. 1990, c. U.3
Official Notices Publication Act, R.S.O. 1990, c. O.3
School Trust Conveyances Act, R.S.O. 1990, c. S.3
Highway Memorials for Fallen Police Officers Act, 2002, S.O. 2002, c. 26
Beds of Navigable Waters Act, R.S.O. 1990, c. B.4
SkyDome Act (Bus Parking), 2002, S.O. 2002, c. 8, Sched. K
Hydro One Inc. Directors and Officers Act, 2002, S.O. 2002, c. 3
South Asian Heritage Act, 2001, S.O. 2001, c. 29
Celebration of Portuguese Heritage Act, 2001, S.O. 2001, c. 22
Brain Tumour Awareness Month Act, 2001, S.O. 2001, c. 19
Oak Ridges Moraine Protection Act, 2001, S.O. 2001, c. 3
Franco-Ontarian Emblem Act, 2001, S.O. 2001, c. 5
Horse Riding Safety Act, 2001, S.O. 2001, c. 4
Electronic Registration Act (Ministry of Consumer and Business Services Statutes), 1991, S.O. 1991, c. 44
Good Samaritan Act, 2001, S.O. 2001, c. 2
Imitation Firearms Regulation Act, 2000, S.O. 2000, c. 37
Town of Moosonee Act, 2000, S.O. 2000, c. 5, Sched.
Deaf-Blind Awareness Month Act, 2000, S.O. 2000, c. 34
Firefighters' Memorial Day Act, 2000, S.O. 2000, c. 31
OC Transpo Payments Act, 2000, S.O. 2000, c. 19
German Pioneers Day Act, 2000, S.O. 2000, c. 7
Ontario Association of Former Parliamentarians Act, 2000, S.O. 2000, c. 6
University of Ottawa Heart Institute Act, 1999, S.O. 1999, c. 16
Enforcement of Judgments Conventions Act, 1999, S.O. 1999, c. 12, Sched. C
Crown Agency Act, R.S.O. 1990, c. C.48
Holocaust Memorial Day Act, 1998, S.O. 1998, c. 25
Ontario Agriculture Week Act, 1998, S.O. 1998, c. 10
Ontario Loan Act, 1998, S.O. 1998, c. 5, Sched. A
United Empire Loyalists' Day Act, 1997, S.O. 1997, c. 42
Geographic Township of Creighton-Davies Act, 1997, S.O. 1997, c. 33
Ontario Institute for Studies in Education Repeal Act, 1996, S.O. 1996, c. 16
Ontario Loan Act, 1996 (No. 2), S.O. 1996, c. 18, Sched.
Ontario Loan Act, 1996, S.O. 1996, c. 1, Sched. D
Powers of Attorney Act, R.S.O. 1990, c. P.20
Statute of Frauds, R.S.O. 1990, c. S.19
Sale of Goods Act, R.S.O. 1990, c. S.1
Donation of Food Act, 1994, S.O. 1994, c. 19
Ontario Loan Act, 1994, S.O. 1994, c. 16
Avian Emblem Act, 1994, S.O. 1994, c. 15
Frustrated Contracts Act, R.S.O. 1990, c. F.34
Ontario Loan Act, 1993, S.O. 1993, c. 7
Ontario Loan Act, 1992, S.O. 1992, c. 5
Ontario Loan Act, 1991, S.O. 1991, c. 8
Rights of Labour Act, R.S.O. 1990, c. R.33
Property and Civil Rights Act, R.S.O. 1990, c. P.29
Fraudulent Conveyances Act, R.S.O. 1990, c. F.29
Arboreal Emblem Act, R.S.O. 1990, c. A.25
Apportionment Act, R.S.O. 1990, c. A.23
Religious Freedom Act, R.S.O. 1990, c. R.22
Floral Emblem Act, R.S.O. 1990, c. F.21
Flag Act, R.S.O. 1990, c. F.20
Fisheries Loans Act, R.S.O. 1990, c. F.19
Commodity Boards and Marketing Agencies Act, R.S.O. 1990, c. C.19
Aliens' Real Property Act, R.S.O. 1990, c. A.18
Transboundary Pollution Reciprocal Access Act, R.S.O. 1990, c. T.18
Hotel Registration of Guests Act, R.S.O. 1990, c. H.17
Ontario Geographic Names Board Act, R.S.O. 1990, c. O.16
Lieutenant Governor Act, R.S.O. 1990, c. L.13
Mineral Emblem Act, R.S.O. 1990, c. M.13
Short Forms of Leases Act, R.S.O. 1990, c. S.11
Toll Bridges Act, R.S.O. 1990, c. T.11
Mercantile Law Amendment Act, R.S.O. 1990, c. M.10
Blind Persons' Rights Act, R.S.O. 1990, c. B.7
Wild Rice Harvesting Act, R.S.O. 1990, c. W.7
Innkeepers Act, R.S.O. 1990, c. I.7
Reciprocal Enforcement of Judgments (U.K.) Act, R.S.O. 1990, c. R.6
Industrial and Mining Lands Compensation Act, R.S.O. 1990, c. I.5
Factors Act, R.S.O. 1990, c. F.1
English and Wabigoon River Systems Mercury Contamination Settlement Agreement Act, 1986, S.O. 1986, c. 23
